1710778771.167376 client started (17195): version 3.4, socket /tmp/tmux-1000/default, protocol 8
1710778771.167413 on Linux 6.7.9-arch1-1 #1 SMP PREEMPT_DYNAMIC Fri, 08 Mar 2024 01:59:01 +0000
1710778771.167418 using libevent 2.1.12-stable poll
1710778771.167424 using ncurses 6.4 20230520
1710778771.167453 flags are 0x18010000
1710778771.167470 socket is /tmp/tmux-1000/default
1710778771.167487 trying connect
1710778771.167582 add peer 0x619555181460: 6 ((nil))
1710778771.167925 sending message 100 to peer 0x619555181460 (4 bytes)
1710778771.167929 sending message 111 to peer 0x619555181460 (8 bytes)
1710778771.167931 sending message 101 to peer 0x619555181460 (15 bytes)
1710778771.167934 sending message 109 to peer 0x619555181460 (4 bytes)
1710778771.167937 sending message 102 to peer 0x619555181460 (11 bytes)
1710778771.167939 sending message 108 to peer 0x619555181460 (29 bytes)
1710778771.167942 sending message 112 to peer 0x619555181460 (58 bytes)
1710778771.167945 sending message 112 to peer 0x619555181460 (5 bytes)
1710778771.167948 sending message 112 to peer 0x619555181460 (5 bytes)
1710778771.167950 sending message 112 to peer 0x619555181460 (6 bytes)
1710778771.167952 sending message 112 to peer 0x619555181460 (6 bytes)
1710778771.167955 sending message 112 to peer 0x619555181460 (11 bytes)
1710778771.167958 sending message 112 to peer 0x619555181460 (10 bytes)
1710778771.167960 sending message 112 to peer 0x619555181460 (13 bytes)
1710778771.167963 sending message 112 to peer 0x619555181460 (14 bytes)
1710778771.167966 sending message 112 to peer 0x619555181460 (19 bytes)
1710778771.167968 sending message 112 to peer 0x619555181460 (11 bytes)
1710778771.167971 sending message 112 to peer 0x619555181460 (10 bytes)
1710778771.167973 sending message 112 to peer 0x619555181460 (15 bytes)
1710778771.167976 sending message 112 to peer 0x619555181460 (21 bytes)
1710778771.167979 sending message 112 to peer 0x619555181460 (13 bytes)
1710778771.167981 sending message 112 to peer 0x619555181460 (7 bytes)
1710778771.167984 sending message 112 to peer 0x619555181460 (13 bytes)
1710778771.167987 sending message 112 to peer 0x619555181460 (7 bytes)
1710778771.167990 sending message 112 to peer 0x619555181460 (13 bytes)
1710778771.167992 sending message 112 to peer 0x619555181460 (9 bytes)
1710778771.167994 sending message 112 to peer 0x619555181460 (21 bytes)
1710778771.167997 sending message 112 to peer 0x619555181460 (13 bytes)
1710778771.167999 sending message 112 to peer 0x619555181460 (9 bytes)
1710778771.168002 sending message 112 to peer 0x619555181460 (16 bytes)
1710778771.168005 sending message 112 to peer 0x619555181460 (13 bytes)
1710778771.168008 sending message 112 to peer 0x619555181460 (9 bytes)
1710778771.168010 sending message 112 to peer 0x619555181460 (9 bytes)
1710778771.168013 sending message 112 to peer 0x619555181460 (12 bytes)
1710778771.168016 sending message 112 to peer 0x619555181460 (8 bytes)
1710778771.168018 sending message 112 to peer 0x619555181460 (8 bytes)
1710778771.168021 sending message 112 to peer 0x619555181460 (13 bytes)
1710778771.168023 sending message 112 to peer 0x619555181460 (7 bytes)
1710778771.168026 sending message 112 to peer 0x619555181460 (7 bytes)
1710778771.168029 sending message 112 to peer 0x619555181460 (9 bytes)
1710778771.168031 sending message 112 to peer 0x619555181460 (9 bytes)
1710778771.168034 sending message 112 to peer 0x619555181460 (15 bytes)
1710778771.168037 sending message 112 to peer 0x619555181460 (13 bytes)
1710778771.168039 sending message 112 to peer 0x619555181460 (12 bytes)
1710778771.168042 sending message 112 to peer 0x619555181460 (8 bytes)
1710778771.168044 sending message 112 to peer 0x619555181460 (14 bytes)
1710778771.168047 sending message 112 to peer 0x619555181460 (11 bytes)
1710778771.168050 sending message 112 to peer 0x619555181460 (9 bytes)
1710778771.168052 sending message 112 to peer 0x619555181460 (10 bytes)
1710778771.168055 sending message 112 to peer 0x619555181460 (10 bytes)
1710778771.168058 sending message 112 to peer 0x619555181460 (10 bytes)
1710778771.168065 sending message 112 to peer 0x619555181460 (10 bytes)
1710778771.168068 sending message 112 to peer 0x619555181460 (11 bytes)
1710778771.168071 sending message 112 to peer 0x619555181460 (12 bytes)
1710778771.168073 sending message 112 to peer 0x619555181460 (12 bytes)
1710778771.168075 sending message 112 to peer 0x619555181460 (12 bytes)
1710778771.168078 sending message 112 to peer 0x619555181460 (12 bytes)
1710778771.168081 sending message 112 to peer 0x619555181460 (12 bytes)
1710778771.168084 sending message 112 to peer 0x619555181460 (11 bytes)
1710778771.168086 sending message 112 to peer 0x619555181460 (11 bytes)
1710778771.168088 sending message 112 to peer 0x619555181460 (12 bytes)
1710778771.168091 sending message 112 to peer 0x619555181460 (12 bytes)
1710778771.168094 sending message 112 to peer 0x619555181460 (12 bytes)
1710778771.168096 sending message 112 to peer 0x619555181460 (12 bytes)
1710778771.168099 sending message 112 to peer 0x619555181460 (12 bytes)
1710778771.168102 sending message 112 to peer 0x619555181460 (9 bytes)
1710778771.168104 sending message 112 to peer 0x619555181460 (12 bytes)
1710778771.168107 sending message 112 to peer 0x619555181460 (13 bytes)
1710778771.168109 sending message 112 to peer 0x619555181460 (13 bytes)
1710778771.168112 sending message 112 to peer 0x619555181460 (13 bytes)
1710778771.168115 sending message 112 to peer 0x619555181460 (13 bytes)
1710778771.168118 sending message 112 to peer 0x619555181460 (13 bytes)
1710778771.168120 sending message 112 to peer 0x619555181460 (8 bytes)
1710778771.168123 sending message 112 to peer 0x619555181460 (11 bytes)
1710778771.168125 sending message 112 to peer 0x619555181460 (11 bytes)
1710778771.168128 sending message 112 to peer 0x619555181460 (11 bytes)
1710778771.168131 sending message 112 to peer 0x619555181460 (12 bytes)
1710778771.168133 sending message 112 to peer 0x619555181460 (12 bytes)
1710778771.168136 sending message 112 to peer 0x619555181460 (12 bytes)
1710778771.168139 sending message 112 to peer 0x619555181460 (12 bytes)
1710778771.168145 sending message 112 to peer 0x619555181460 (13 bytes)
1710778771.168148 sending message 112 to peer 0x619555181460 (13 bytes)
1710778771.168150 sending message 112 to peer 0x619555181460 (13 bytes)
1710778771.168153 sending message 112 to peer 0x619555181460 (8 bytes)
1710778771.168156 sending message 112 to peer 0x619555181460 (13 bytes)
1710778771.168158 sending message 112 to peer 0x619555181460 (13 bytes)
1710778771.168161 sending message 112 to peer 0x619555181460 (13 bytes)
1710778771.168163 sending message 112 to peer 0x619555181460 (13 bytes)
1710778771.168166 sending message 112 to peer 0x619555181460 (13 bytes)
1710778771.168168 sending message 112 to peer 0x619555181460 (12 bytes)
1710778771.168171 sending message 112 to peer 0x619555181460 (12 bytes)
1710778771.168174 sending message 112 to peer 0x619555181460 (12 bytes)
1710778771.168177 sending message 112 to peer 0x619555181460 (12 bytes)
1710778771.168179 sending message 112 to peer 0x619555181460 (13 bytes)
1710778771.168182 sending message 112 to peer 0x619555181460 (8 bytes)
1710778771.168184 sending message 112 to peer 0x619555181460 (13 bytes)
1710778771.168187 sending message 112 to peer 0x619555181460 (13 bytes)
1710778771.168190 sending message 112 to peer 0x619555181460 (13 bytes)
1710778771.168192 sending message 112 to peer 0x619555181460 (13 bytes)
1710778771.168195 sending message 112 to peer 0x619555181460 (13 bytes)
1710778771.168197 sending message 112 to peer 0x619555181460 (13 bytes)
1710778771.168200 sending message 112 to peer 0x619555181460 (13 bytes)
1710778771.168203 sending message 112 to peer 0x619555181460 (12 bytes)
1710778771.168206 sending message 112 to peer 0x619555181460 (12 bytes)
1710778771.168208 sending message 112 to peer 0x619555181460 (12 bytes)
1710778771.168211 sending message 112 to peer 0x619555181460 (8 bytes)
1710778771.168213 sending message 112 to peer 0x619555181460 (12 bytes)
1710778771.168216 sending message 112 to peer 0x619555181460 (13 bytes)
1710778771.168222 sending message 112 to peer 0x619555181460 (13 bytes)
1710778771.168224 sending message 112 to peer 0x619555181460 (13 bytes)
1710778771.168227 sending message 112 to peer 0x619555181460 (13 bytes)
1710778771.168229 sending message 112 to peer 0x619555181460 (13 bytes)
1710778771.168232 sending message 112 to peer 0x619555181460 (13 bytes)
1710778771.168235 sending message 112 to peer 0x619555181460 (13 bytes)
1710778771.168237 sending message 112 to peer 0x619555181460 (13 bytes)
1710778771.168240 sending message 112 to peer 0x619555181460 (12 bytes)
1710778771.168243 sending message 112 to peer 0x619555181460 (10 bytes)
1710778771.168246 sending message 112 to peer 0x619555181460 (12 bytes)
1710778771.168249 sending message 112 to peer 0x619555181460 (12 bytes)
1710778771.168251 sending message 112 to peer 0x619555181460 (12 bytes)
1710778771.168254 sending message 112 to peer 0x619555181460 (13 bytes)
1710778771.168257 sending message 112 to peer 0x619555181460 (13 bytes)
1710778771.168260 sending message 112 to peer 0x619555181460 (13 bytes)
1710778771.168263 sending message 112 to peer 0x619555181460 (13 bytes)
1710778771.168265 sending message 112 to peer 0x619555181460 (13 bytes)
1710778771.168268 sending message 112 to peer 0x619555181460 (13 bytes)
1710778771.168271 sending message 112 to peer 0x619555181460 (13 bytes)
1710778771.168273 sending message 112 to peer 0x619555181460 (10 bytes)
1710778771.168276 sending message 112 to peer 0x619555181460 (13 bytes)
1710778771.168279 sending message 112 to peer 0x619555181460 (12 bytes)
1710778771.168281 sending message 112 to peer 0x619555181460 (12 bytes)
1710778771.168284 sending message 112 to peer 0x619555181460 (12 bytes)
1710778771.168287 sending message 112 to peer 0x619555181460 (10 bytes)
1710778771.168289 sending message 112 to peer 0x619555181460 (10 bytes)
1710778771.168292 sending message 112 to peer 0x619555181460 (10 bytes)
1710778771.168295 sending message 112 to peer 0x619555181460 (12 bytes)
1710778771.168297 sending message 112 to peer 0x619555181460 (13 bytes)
1710778771.168300 sending message 112 to peer 0x619555181460 (13 bytes)
1710778771.168303 sending message 112 to peer 0x619555181460 (13 bytes)
1710778771.168306 sending message 112 to peer 0x619555181460 (13 bytes)
1710778771.168309 sending message 112 to peer 0x619555181460 (13 bytes)
1710778771.168311 sending message 112 to peer 0x619555181460 (10 bytes)
1710778771.168314 sending message 112 to peer 0x619555181460 (11 bytes)
1710778771.168317 sending message 112 to peer 0x619555181460 (12 bytes)
1710778771.168320 sending message 112 to peer 0x619555181460 (12 bytes)
1710778771.168322 sending message 112 to peer 0x619555181460 (12 bytes)
1710778771.168325 sending message 112 to peer 0x619555181460 (12 bytes)
1710778771.168328 sending message 112 to peer 0x619555181460 (12 bytes)
1710778771.168331 sending message 112 to peer 0x619555181460 (11 bytes)
1710778771.168333 sending message 112 to peer 0x619555181460 (12 bytes)
1710778771.168336 sending message 112 to peer 0x619555181460 (12 bytes)
1710778771.168339 sending message 112 to peer 0x619555181460 (13 bytes)
1710778771.168342 sending message 112 to peer 0x619555181460 (13 bytes)
1710778771.168345 sending message 112 to peer 0x619555181460 (13 bytes)
1710778771.168348 sending message 112 to peer 0x619555181460 (13 bytes)
1710778771.168350 sending message 112 to peer 0x619555181460 (13 bytes)
1710778771.168352 sending message 112 to peer 0x619555181460 (10 bytes)
1710778771.168355 sending message 112 to peer 0x619555181460 (9 bytes)
1710778771.168358 sending message 112 to peer 0x619555181460 (12 bytes)
1710778771.168361 sending message 112 to peer 0x619555181460 (13 bytes)
1710778771.168364 sending message 112 to peer 0x619555181460 (13 bytes)
1710778771.168367 sending message 112 to peer 0x619555181460 (13 bytes)
1710778771.168370 sending message 112 to peer 0x619555181460 (13 bytes)
1710778771.168373 sending message 112 to peer 0x619555181460 (13 bytes)
1710778771.168375 sending message 112 to peer 0x619555181460 (9 bytes)
1710778771.168381 sending message 112 to peer 0x619555181460 (12 bytes)
1710778771.168384 sending message 112 to peer 0x619555181460 (13 bytes)
1710778771.168386 sending message 112 to peer 0x619555181460 (13 bytes)
1710778771.168389 sending message 112 to peer 0x619555181460 (13 bytes)
1710778771.168392 sending message 112 to peer 0x619555181460 (13 bytes)
1710778771.168395 sending message 112 to peer 0x619555181460 (13 bytes)
1710778771.168398 sending message 112 to peer 0x619555181460 (11 bytes)
1710778771.168400 sending message 112 to peer 0x619555181460 (12 bytes)
1710778771.168403 sending message 112 to peer 0x619555181460 (13 bytes)
1710778771.168406 sending message 112 to peer 0x619555181460 (13 bytes)
1710778771.168408 sending message 112 to peer 0x619555181460 (13 bytes)
1710778771.168410 sending message 112 to peer 0x619555181460 (13 bytes)
1710778771.168414 sending message 112 to peer 0x619555181460 (13 bytes)
1710778771.168417 sending message 112 to peer 0x619555181460 (11 bytes)
1710778771.168419 sending message 112 to peer 0x619555181460 (12 bytes)
1710778771.168422 sending message 112 to peer 0x619555181460 (12 bytes)
1710778771.168425 sending message 112 to peer 0x619555181460 (12 bytes)
1710778771.168428 sending message 112 to peer 0x619555181460 (12 bytes)
1710778771.168431 sending message 112 to peer 0x619555181460 (12 bytes)
1710778771.168433 sending message 112 to peer 0x619555181460 (21 bytes)
1710778771.168436 sending message 112 to peer 0x619555181460 (12 bytes)
1710778771.168439 sending message 112 to peer 0x619555181460 (9 bytes)
1710778771.168442 sending message 112 to peer 0x619555181460 (6 bytes)
1710778771.168445 sending message 112 to peer 0x619555181460 (13 bytes)
1710778771.168448 sending message 112 to peer 0x619555181460 (10 bytes)
1710778771.168451 sending message 112 to peer 0x619555181460 (24 bytes)
1710778771.168454 sending message 112 to peer 0x619555181460 (13 bytes)
1710778771.168457 sending message 112 to peer 0x619555181460 (9 bytes)
1710778771.168459 sending message 112 to peer 0x619555181460 (70 bytes)
1710778771.168462 sending message 112 to peer 0x619555181460 (69 bytes)
1710778771.168465 sending message 112 to peer 0x619555181460 (12 bytes)
1710778771.168468 sending message 112 to peer 0x619555181460 (10 bytes)
1710778771.168471 sending message 112 to peer 0x619555181460 (10 bytes)
1710778771.168473 sending message 112 to peer 0x619555181460 (24 bytes)
1710778771.168476 sending message 112 to peer 0x619555181460 (13 bytes)
1710778771.168479 sending message 112 to peer 0x619555181460 (10 bytes)
1710778771.168482 sending message 112 to peer 0x619555181460 (10 bytes)
1710778771.168485 sending message 112 to peer 0x619555181460 (10 bytes)
1710778771.168488 sending message 112 to peer 0x619555181460 (13 bytes)
1710778771.168491 sending message 112 to peer 0x619555181460 (15 bytes)
1710778771.168493 sending message 112 to peer 0x619555181460 (5 bytes)
1710778771.168497 sending message 104 to peer 0x619555181460 (0 bytes)
1710778771.168500 sending message 110 to peer 0x619555181460 (0 bytes)
1710778771.168503 sending message 107 to peer 0x619555181460 (4 bytes)
1710778771.168506 sending message 105 to peer 0x619555181460 (16 bytes)
1710778771.168509 sending message 105 to peer 0x619555181460 (20 bytes)
1710778771.168512 sending message 105 to peer 0x619555181460 (22 bytes)
1710778771.168515 sending message 105 to peer 0x619555181460 (58 bytes)
1710778771.168518 sending message 105 to peer 0x619555181460 (60 bytes)
1710778771.168520 sending message 105 to peer 0x619555181460 (13 bytes)
1710778771.168523 sending message 105 to peer 0x619555181460 (46 bytes)
1710778771.168526 sending message 105 to peer 0x619555181460 (26 bytes)
1710778771.168529 sending message 105 to peer 0x619555181460 (20 bytes)
1710778771.168532 sending message 105 to peer 0x619555181460 (46 bytes)
1710778771.168535 sending message 105 to peer 0x619555181460 (23 bytes)
1710778771.168538 sending message 105 to peer 0x619555181460 (20 bytes)
1710778771.168540 sending message 105 to peer 0x619555181460 (40 bytes)
1710778771.168548 sending message 105 to peer 0x619555181460 (25 bytes)
1710778771.168550 sending message 105 to peer 0x619555181460 (24 bytes)
1710778771.168553 sending message 105 to peer 0x619555181460 (16 bytes)
1710778771.168557 sending message 105 to peer 0x619555181460 (12 bytes)
1710778771.168560 sending message 105 to peer 0x619555181460 (15 bytes)
1710778771.168562 sending message 105 to peer 0x619555181460 (33 bytes)
1710778771.168565 sending message 105 to peer 0x619555181460 (21 bytes)
1710778771.168567 sending message 105 to peer 0x619555181460 (13 bytes)
1710778771.168570 sending message 105 to peer 0x619555181460 (27 bytes)
1710778771.168573 sending message 105 to peer 0x619555181460 (25 bytes)
1710778771.168575 sending message 105 to peer 0x619555181460 (15 bytes)
1710778771.168578 sending message 105 to peer 0x619555181460 (16 bytes)
1710778771.168581 sending message 105 to peer 0x619555181460 (21 bytes)
1710778771.168584 sending message 105 to peer 0x619555181460 (17 bytes)
1710778771.168587 sending message 105 to peer 0x619555181460 (57 bytes)
1710778771.168590 sending message 105 to peer 0x619555181460 (30 bytes)
1710778771.168593 sending message 105 to peer 0x619555181460 (29 bytes)
1710778771.168596 sending message 105 to peer 0x619555181460 (26 bytes)
1710778771.168598 sending message 105 to peer 0x619555181460 (52 bytes)
1710778771.168601 sending message 105 to peer 0x619555181460 (24 bytes)
1710778771.168603 sending message 105 to peer 0x619555181460 (23 bytes)
1710778771.168606 sending message 105 to peer 0x619555181460 (20 bytes)
1710778771.168609 sending message 105 to peer 0x619555181460 (30 bytes)
1710778771.168611 sending message 105 to peer 0x619555181460 (10 bytes)
1710778771.168614 sending message 105 to peer 0x619555181460 (80 bytes)
1710778771.168617 sending message 105 to peer 0x619555181460 (11 bytes)
1710778771.168620 sending message 105 to peer 0x619555181460 (8 bytes)
1710778771.168623 sending message 105 to peer 0x619555181460 (14 bytes)
1710778771.168625 sending message 105 to peer 0x619555181460 (21 bytes)
1710778771.168628 sending message 105 to peer 0x619555181460 (25 bytes)
1710778771.168631 sending message 105 to peer 0x619555181460 (27 bytes)
1710778771.168633 sending message 105 to peer 0x619555181460 (11 bytes)
1710778771.168636 sending message 105 to peer 0x619555181460 (17 bytes)
1710778771.168638 sending message 105 to peer 0x619555181460 (59 bytes)
1710778771.168641 sending message 105 to peer 0x619555181460 (31 bytes)
1710778771.168644 sending message 105 to peer 0x619555181460 (50 bytes)
1710778771.168646 sending message 105 to peer 0x619555181460 (20 bytes)
1710778771.168650 sending message 105 to peer 0x619555181460 (119 bytes)
1710778771.168653 sending message 105 to peer 0x619555181460 (16 bytes)
1710778771.168655 sending message 105 to peer 0x619555181460 (176 bytes)
1710778771.168658 sending message 105 to peer 0x619555181460 (54 bytes)
1710778771.168661 sending message 105 to peer 0x619555181460 (51 bytes)
1710778771.168664 sending message 105 to peer 0x619555181460 (26 bytes)
1710778771.168667 sending message 105 to peer 0x619555181460 (23 bytes)
1710778771.168669 sending message 105 to peer 0x619555181460 (15 bytes)
1710778771.168672 sending message 105 to peer 0x619555181460 (21 bytes)
1710778771.168674 sending message 105 to peer 0x619555181460 (32 bytes)
1710778771.168678 sending message 105 to peer 0x619555181460 (16 bytes)
1710778771.168680 sending message 105 to peer 0x619555181460 (27 bytes)
1710778771.168683 sending message 106 to peer 0x619555181460 (0 bytes)
1710778771.168717 sending message 200 to peer 0x619555181460 (4 bytes)
1710778771.168720 client loop enter
1710778771.177929 peer 0x619555181460 message 207
1710778771.177952 sending message 208 to peer 0x619555181460 (0 bytes)
1710778776.823835 peer 0x619555181460 message 203
1710778776.823882 sending message 205 to peer 0x619555181460 (0 bytes)
1710778776.824369 peer 0x619555181460 message 204
1710778776.824392 client loop exit
